#-----------------------------------------------------------
# Vivado v2016.4 (64-bit)
# SW Build 1756540 on Mon Jan 23 19:11:23 MST 2017
# IP Build 1755317 on Mon Jan 23 20:30:07 MST 2017
# Start of session at: Mon Jan 09 17:15:37 2023
# Process ID: 1932
# Current directory: D:/Facultate/ANUL 3/ANUL 3 - Semestrul 1/SSC/Proiect/Proiect_EMMA_2
# Command line: vivado.exe -gui_launcher_event rodinguilauncherevent10364 D:\Facultate\ANUL 3\ANUL 3 - Semestrul 1\SSC\Proiect\Proiect_EMMA_2\Proiect_EMMA_2.xpr
# Log file: D:/Facultate/ANUL 3/ANUL 3 - Semestrul 1/SSC/Proiect/Proiect_EMMA_2/vivado.log
# Journal file: D:/Facultate/ANUL 3/ANUL 3 - Semestrul 1/SSC/Proiect/Proiect_EMMA_2\vivado.jou
#-----------------------------------------------------------
start_gui
open_project {D:/Facultate/ANUL 3/ANUL 3 - Semestrul 1/SSC/Proiect/Proiect_EMMA_2/Proiect_EMMA_2.xpr}
Scanning sources...
Finished scanning sources
INFO: [IP_Flow 19-234] Refreshing IP repositories
INFO: [IP_Flow 19-1704] No user IP repositories specified
INFO: [IP_Flow 19-2313] Loaded Vivado IP repository 'C:/Xilinx/Vivado/2016.4/data/ip'.
exit
INFO: [Common 17-206] Exiting Vivado at Tue Jan 10 00:07:32 2023...
