Vivado Simulator 2016.4
Copyright 1986-1999, 2001-2016 Xilinx, Inc. All Rights Reserved.
Running: C:/Xilinx/Vivado/2016.4/bin/unwrapped/win64.o/xelab.exe -wto 20d01fe14f6f4a63a58e22855fd108d7 --debug typical --relax --mt 2 -L xil_defaultlib -L secureip --snapshot Emma_2_tb_behav xil_defaultlib.Emma_2_tb -log elaborate.log 
Using 2 slave threads.
Starting static elaboration
Completed static elaboration
Starting simulation data flow analysis
Completed simulation data flow analysis
Time Resolution for simulation is 1ps
Compiling package std.standard
Compiling package std.textio
Compiling package ieee.std_logic_1164
Compiling package ieee.std_logic_arith
Compiling package ieee.std_logic_unsigned
Compiling package ieee.numeric_std
Compiling architecture behavioral of entity xil_defaultlib.Instruction_memory [instruction_memory_default]
Compiling architecture behavioral of entity xil_defaultlib.PC [pc_default]
Compiling architecture behavioral of entity xil_defaultlib.Microcode_Unit [microcode_unit_default]
Compiling architecture behavioral of entity xil_defaultlib.MPC [mpc_default]
Compiling architecture behavioral of entity xil_defaultlib.Data_memory [data_memory_default]
Compiling architecture behavioral of entity xil_defaultlib.Registers [registers_default]
Compiling architecture behavioral of entity xil_defaultlib.ALU [alu_default]
Compiling architecture behavioral of entity xil_defaultlib.Emma_2 [emma_2_default]
Compiling architecture behavioral of entity xil_defaultlib.emma_2_tb
Built simulation snapshot Emma_2_tb_behav
